Arguments: 
  C:\Program Files\nodejs\node.exe C:\Users\admin\AppData\Roaming\npm\node_modules\yarn\bin\yarn.js init

PATH: 
  C:\Windows\system32;C:\Windows;C:\Windows\System32\Wbem;C:\Windows\System32\WindowsPowerShell\v1.0\;C:\Windows\System32\OpenSSH\;C:\Program Files (x86)\NVIDIA Corporation\PhysX\Common;C:\Program Files\NVIDIA Corporation\NVIDIA NvDLISR;C:\Windows\Microsoft.NET\Framework64\v4.0.30319;C:\Program Files\dotnet\;C:\Program Files (x86)\dotnet\;C:\Program Files\Microsoft SQL Server\130\Tools\Binn\;C:\Program Files\Microsoft SQL Server\Client SDK\ODBC\170\Tools\Binn\;C:\Program Files\nodejs\;C:\Program Files\TortoiseGit\bin;C:\Users\admin\AppData\Local\Microsoft\WindowsApps;C:\Users\admin\.dotnet\tools;C:\Users\admin\AppData\Roaming\npm;C:\Program Files\nodejs;;C:\Users\admin\AppData\Local\Programs\Microsoft VS Code\bin

Yarn version: 
  1.22.4

Node version: 
  10.16.3

Platform: 
  win32 x64

Trace: 
  Error: canceled
      at Interface.<anonymous> (C:\Users\admin\AppData\Roaming\npm\node_modules\yarn\lib\cli.js:137008:13)
      at Interface.emit (events.js:198:13)
      at Interface._ttyWrite (readline.js:801:16)
      at ReadStream.onkeypress (readline.js:184:10)
      at ReadStream.emit (events.js:198:13)
      at emitKeys (internal/readline.js:424:14)
      at emitKeys.next (<anonymous>)
      at ReadStream.onData (readline.js:1075:36)
      at ReadStream.emit (events.js:198:13)
      at addChunk (_stream_readable.js:288:12)

npm manifest: 
  No manifest

yarn manifest: 
  No manifest

Lockfile: 
  No lockfile
